<?xml version="1.0" encoding="UTF-8"?>
<coverage generated="1729799091132" clover="3.2.0">
  <project timestamp="1729799091133" name="All files">
    <metrics statements="53" coveredstatements="43" conditionals="43" coveredconditionals="32" methods="11" coveredmethods="9" elements="107" coveredelements="84" complexity="0" loc="53" ncloc="53" packages="4" files="5" classes="5"/>
    <package name="pairtest">
      <metrics statements="36" coveredstatements="36" conditionals="31" coveredconditionals="30" methods="6" coveredmethods="6"/>
      <file name="TicketService.js" path="C:\Users\nurud\OneDrive\Desktop\cinema-tickets-javascript\src\pairtest\TicketService.js">
        <metrics statements="36" coveredstatements="36" conditionals="31" coveredconditionals="30" methods="6" coveredmethods="6"/>
        <line num="12" count="15" type="stmt"/>
        <line num="17" count="15" type="stmt"/>
        <line num="20" count="15" type="stmt"/>
        <line num="21" count="15" type="stmt"/>
        <line num="32" count="20" type="stmt"/>
        <line num="33" count="14" type="stmt"/>
        <line num="35" count="12" type="stmt"/>
        <line num="36" count="12" type="stmt"/>
        <line num="38" count="8" type="stmt"/>
        <line num="39" count="8" type="stmt"/>
        <line num="42" count="8" type="stmt"/>
        <line num="43" count="8" type="stmt"/>
        <line num="51" count="20" type="cond" truecount="4" falsecount="0"/>
        <line num="52" count="6" type="stmt"/>
        <line num="61" count="14" type="cond" truecount="4" falsecount="0"/>
        <line num="62" count="1" type="stmt"/>
        <line num="65" count="24" type="cond" truecount="2" falsecount="0"/>
        <line num="66" count="1" type="stmt"/>
        <line num="75" count="12" type="stmt"/>
        <line num="76" count="23" type="stmt"/>
        <line num="77" count="23" type="stmt"/>
        <line num="78" count="23" type="cond" truecount="2" falsecount="0"/>
        <line num="79" count="23" type="stmt"/>
        <line num="88" count="22" type="stmt"/>
        <line num="91" count="12" type="cond" truecount="2" falsecount="0"/>
        <line num="92" count="1" type="stmt"/>
        <line num="96" count="11" type="cond" truecount="2" falsecount="0"/>
        <line num="97" count="11" type="cond" truecount="2" falsecount="0"/>
        <line num="98" count="11" type="cond" truecount="2" falsecount="0"/>
        <line num="100" count="11" type="cond" truecount="5" falsecount="0"/>
        <line num="101" count="2" type="stmt"/>
        <line num="105" count="9" type="cond" truecount="2" falsecount="0"/>
        <line num="106" count="1" type="stmt"/>
        <line num="115" count="8" type="stmt"/>
        <line num="116" count="17" type="stmt"/>
        <line num="126" count="8" type="cond" truecount="3" falsecount="1"/>
      </file>
    </package>
    <package name="pairtest.lib">
      <metrics statements="9" coveredstatements="7" conditionals="4" coveredconditionals="2" methods="3" coveredmethods="3"/>
      <file name="InvalidPurchaseException.js" path="C:\Users\nurud\OneDrive\Desktop\cinema-tickets-javascript\src\pairtest\lib\InvalidPurchaseException.js">
        <metrics statements="0" coveredstatements="0" conditionals="0" coveredconditionals="0" methods="0" coveredmethods="0"/>
      </file>
      <file name="TicketTypeRequest.js" path="C:\Users\nurud\OneDrive\Desktop\cinema-tickets-javascript\src\pairtest\lib\TicketTypeRequest.js">
        <metrics statements="9" coveredstatements="7" conditionals="4" coveredconditionals="2" methods="3" coveredmethods="3"/>
        <line num="11" count="29" type="cond" truecount="1" falsecount="1"/>
        <line num="12" count="0" type="stmt"/>
        <line num="15" count="29" type="cond" truecount="1" falsecount="1"/>
        <line num="16" count="0" type="stmt"/>
        <line num="19" count="29" type="stmt"/>
        <line num="20" count="29" type="stmt"/>
        <line num="24" count="23" type="stmt"/>
        <line num="28" count="23" type="stmt"/>
        <line num="31" count="29" type="stmt"/>
      </file>
    </package>
    <package name="thirdparty.paymentgateway">
      <metrics statements="4" coveredstatements="0" conditionals="4" coveredconditionals="0" methods="1" coveredmethods="0"/>
      <file name="TicketPaymentService.js" path="C:\Users\nurud\OneDrive\Desktop\cinema-tickets-javascript\src\thirdparty\paymentgateway\TicketPaymentService.js">
        <metrics statements="4" coveredstatements="0" conditionals="4" coveredconditionals="0" methods="1" coveredmethods="0"/>
        <line num="5" count="0" type="cond" truecount="0" falsecount="2"/>
        <line num="6" count="0" type="stmt"/>
        <line num="9" count="0" type="cond" truecount="0" falsecount="2"/>
        <line num="10" count="0" type="stmt"/>
      </file>
    </package>
    <package name="thirdparty.seatbooking">
      <metrics statements="4" coveredstatements="0" conditionals="4" coveredconditionals="0" methods="1" coveredmethods="0"/>
      <file name="SeatReservationService.js" path="C:\Users\nurud\OneDrive\Desktop\cinema-tickets-javascript\src\thirdparty\seatbooking\SeatReservationService.js">
        <metrics statements="4" coveredstatements="0" conditionals="4" coveredconditionals="0" methods="1" coveredmethods="0"/>
        <line num="5" count="0" type="cond" truecount="0" falsecount="2"/>
        <line num="6" count="0" type="stmt"/>
        <line num="9" count="0" type="cond" truecount="0" falsecount="2"/>
        <line num="10" count="0" type="stmt"/>
      </file>
    </package>
  </project>
</coverage>
