{"C:\\Users\\nurud\\OneDrive\\Desktop\\cinema-tickets-javascript\\src\\pairtest\\TicketService.js": {"path":"C:\\Users\\nurud\\OneDrive\\Desktop\\cinema-tickets-javascript\\src\\pairtest\\TicketService.js","statementMap":{"0":{"start":{"line":12,"column":19},"end":{"line":16,"column":3}},"1":{"start":{"line":17,"column":17},"end":{"line":17,"column":19}},"2":{"start":{"line":20,"column":4},"end":{"line":20,"column":60}},"3":{"start":{"line":21,"column":4},"end":{"line":21,"column":64}},"4":{"start":{"line":32,"column":4},"end":{"line":32,"column":39}},"5":{"start":{"line":33,"column":4},"end":{"line":33,"column":53}},"6":{"start":{"line":35,"column":25},"end":{"line":35,"column":69}},"7":{"start":{"line":36,"column":4},"end":{"line":36,"column":46}},"8":{"start":{"line":38,"column":24},"end":{"line":38,"column":64}},"9":{"start":{"line":39,"column":23},"end":{"line":39,"column":62}},"10":{"start":{"line":42,"column":4},"end":{"line":42,"column":67}},"11":{"start":{"line":43,"column":4},"end":{"line":43,"column":68}},"12":{"start":{"line":51,"column":4},"end":{"line":53,"column":5}},"13":{"start":{"line":52,"column":6},"end":{"line":52,"column":63}},"14":{"start":{"line":61,"column":4},"end":{"line":63,"column":5}},"15":{"start":{"line":62,"column":6},"end":{"line":62,"column":65}},"16":{"start":{"line":65,"column":4},"end":{"line":67,"column":5}},"17":{"start":{"line":65,"column":35},"end":{"line":65,"column":71}},"18":{"start":{"line":66,"column":6},"end":{"line":66,"column":74}},"19":{"start":{"line":75,"column":4},"end":{"line":80,"column":11}},"20":{"start":{"line":76,"column":19},"end":{"line":76,"column":42}},"21":{"start":{"line":77,"column":23},"end":{"line":77,"column":47}},"22":{"start":{"line":78,"column":6},"end":{"line":78,"column":52}},"23":{"start":{"line":79,"column":6},"end":{"line":79,"column":20}},"24":{"start":{"line":88,"column":25},"end":{"line":88,"column":91}},"25":{"start":{"line":88,"column":76},"end":{"line":88,"column":87}},"26":{"start":{"line":91,"column":4},"end":{"line":93,"column":5}},"27":{"start":{"line":92,"column":6},"end":{"line":92,"column":154}},"28":{"start":{"line":96,"column":23},"end":{"line":96,"column":46}},"29":{"start":{"line":97,"column":23},"end":{"line":97,"column":46}},"30":{"start":{"line":98,"column":24},"end":{"line":98,"column":48}},"31":{"start":{"line":100,"column":4},"end":{"line":102,"column":5}},"32":{"start":{"line":101,"column":6},"end":{"line":101,"column":93}},"33":{"start":{"line":105,"column":4},"end":{"line":107,"column":5}},"34":{"start":{"line":106,"column":6},"end":{"line":106,"column":78}},"35":{"start":{"line":115,"column":4},"end":{"line":117,"column":10}},"36":{"start":{"line":116,"column":6},"end":{"line":116,"column":57}},"37":{"start":{"line":126,"column":4},"end":{"line":126,"column":65}}},"fnMap":{"0":{"name":"(anonymous_0)","decl":{"start":{"line":19,"column":2},"end":{"line":19,"column":3}},"loc":{"start":{"line":19,"column":16},"end":{"line":22,"column":3}},"line":19},"1":{"name":"(anonymous_1)","decl":{"start":{"line":30,"column":2},"end":{"line":30,"column":3}},"loc":{"start":{"line":30,"column":52},"end":{"line":44,"column":3}},"line":30},"2":{"name":"(anonymous_2)","decl":{"start":{"line":65,"column":24},"end":{"line":65,"column":25}},"loc":{"start":{"line":65,"column":35},"end":{"line":65,"column":71}},"line":65},"3":{"name":"(anonymous_3)","decl":{"start":{"line":75,"column":27},"end":{"line":75,"column":28}},"loc":{"start":{"line":75,"column":48},"end":{"line":80,"column":5}},"line":75},"4":{"name":"(anonymous_4)","decl":{"start":{"line":88,"column":60},"end":{"line":88,"column":61}},"loc":{"start":{"line":88,"column":76},"end":{"line":88,"column":87}},"line":88},"5":{"name":"(anonymous_5)","decl":{"start":{"line":115,"column":47},"end":{"line":115,"column":48}},"loc":{"start":{"line":115,"column":73},"end":{"line":117,"column":5}},"line":115}},"branchMap":{"0":{"loc":{"start":{"line":51,"column":4},"end":{"line":53,"column":5}},"type":"if","locations":[{"start":{"line":51,"column":4},"end":{"line":53,"column":5}},{"start":{},"end":{}}],"line":51},"1":{"loc":{"start":{"line":51,"column":8},"end":{"line":51,"column":54}},"type":"binary-expr","locations":[{"start":{"line":51,"column":8},"end":{"line":51,"column":36}},{"start":{"line":51,"column":40},"end":{"line":51,"column":54}}],"line":51},"2":{"loc":{"start":{"line":61,"column":4},"end":{"line":63,"column":5}},"type":"if","locations":[{"start":{"line":61,"column":4},"end":{"line":63,"column":5}},{"start":{},"end":{}}],"line":61},"3":{"loc":{"start":{"line":61,"column":8},"end":{"line":61,"column":42}},"type":"binary-expr","locations":[{"start":{"line":61,"column":8},"end":{"line":61,"column":17}},{"start":{"line":61,"column":21},"end":{"line":61,"column":42}}],"line":61},"4":{"loc":{"start":{"line":65,"column":4},"end":{"line":67,"column":5}},"type":"if","locations":[{"start":{"line":65,"column":4},"end":{"line":67,"column":5}},{"start":{},"end":{}}],"line":65},"5":{"loc":{"start":{"line":78,"column":22},"end":{"line":78,"column":39}},"type":"binary-expr","locations":[{"start":{"line":78,"column":22},"end":{"line":78,"column":34}},{"start":{"line":78,"column":38},"end":{"line":78,"column":39}}],"line":78},"6":{"loc":{"start":{"line":91,"column":4},"end":{"line":93,"column":5}},"type":"if","locations":[{"start":{"line":91,"column":4},"end":{"line":93,"column":5}},{"start":{},"end":{}}],"line":91},"7":{"loc":{"start":{"line":96,"column":23},"end":{"line":96,"column":46}},"type":"binary-expr","locations":[{"start":{"line":96,"column":23},"end":{"line":96,"column":41}},{"start":{"line":96,"column":45},"end":{"line":96,"column":46}}],"line":96},"8":{"loc":{"start":{"line":97,"column":23},"end":{"line":97,"column":46}},"type":"binary-expr","locations":[{"start":{"line":97,"column":23},"end":{"line":97,"column":41}},{"start":{"line":97,"column":45},"end":{"line":97,"column":46}}],"line":97},"9":{"loc":{"start":{"line":98,"column":24},"end":{"line":98,"column":48}},"type":"binary-expr","locations":[{"start":{"line":98,"column":24},"end":{"line":98,"column":43}},{"start":{"line":98,"column":47},"end":{"line":98,"column":48}}],"line":98},"10":{"loc":{"start":{"line":100,"column":4},"end":{"line":102,"column":5}},"type":"if","locations":[{"start":{"line":100,"column":4},"end":{"line":102,"column":5}},{"start":{},"end":{}}],"line":100},"11":{"loc":{"start":{"line":100,"column":8},"end":{"line":100,"column":63}},"type":"binary-expr","locations":[{"start":{"line":100,"column":8},"end":{"line":100,"column":24}},{"start":{"line":100,"column":29},"end":{"line":100,"column":43}},{"start":{"line":100,"column":47},"end":{"line":100,"column":62}}],"line":100},"12":{"loc":{"start":{"line":105,"column":4},"end":{"line":107,"column":5}},"type":"if","locations":[{"start":{"line":105,"column":4},"end":{"line":107,"column":5}},{"start":{},"end":{}}],"line":105},"13":{"loc":{"start":{"line":126,"column":12},"end":{"line":126,"column":35}},"type":"binary-expr","locations":[{"start":{"line":126,"column":12},"end":{"line":126,"column":30}},{"start":{"line":126,"column":34},"end":{"line":126,"column":35}}],"line":126},"14":{"loc":{"start":{"line":126,"column":40},"end":{"line":126,"column":63}},"type":"binary-expr","locations":[{"start":{"line":126,"column":40},"end":{"line":126,"column":58}},{"start":{"line":126,"column":62},"end":{"line":126,"column":63}}],"line":126}},"s":{"0":15,"1":15,"2":15,"3":15,"4":20,"5":14,"6":12,"7":12,"8":8,"9":8,"10":8,"11":8,"12":20,"13":6,"14":14,"15":1,"16":13,"17":24,"18":1,"19":12,"20":23,"21":23,"22":23,"23":23,"24":12,"25":22,"26":12,"27":1,"28":11,"29":11,"30":11,"31":11,"32":2,"33":9,"34":1,"35":8,"36":17,"37":8},"f":{"0":15,"1":20,"2":24,"3":23,"4":22,"5":17},"b":{"0":[6,14],"1":[20,16],"2":[1,13],"3":[14,14],"4":[1,12],"5":[23,22],"6":[1,11],"7":[11,2],"8":[11,7],"9":[11,3],"10":[2,9],"11":[11,2,1],"12":[1,8],"13":[8,0],"14":[8,5]},"_coverageSchema":"1a1c01bbd47fc00a2c39e90264f33305004495a9","hash":"30ec73ff5320230a1e51face5ce212c4e5534ff6"}
,"C:\\Users\\nurud\\OneDrive\\Desktop\\cinema-tickets-javascript\\src\\pairtest\\lib\\InvalidPurchaseException.js": {"path":"C:\\Users\\nurud\\OneDrive\\Desktop\\cinema-tickets-javascript\\src\\pairtest\\lib\\InvalidPurchaseException.js","statementMap":{},"fnMap":{},"branchMap":{},"s":{},"f":{},"b":{},"_coverageSchema":"1a1c01bbd47fc00a2c39e90264f33305004495a9","hash":"60dbe5fa5f5966e44d1831ac578a035d38f6402e"}
,"C:\\Users\\nurud\\OneDrive\\Desktop\\cinema-tickets-javascript\\src\\pairtest\\lib\\TicketTypeRequest.js": {"path":"C:\\Users\\nurud\\OneDrive\\Desktop\\cinema-tickets-javascript\\src\\pairtest\\lib\\TicketTypeRequest.js","statementMap":{"0":{"start":{"line":11,"column":4},"end":{"line":13,"column":5}},"1":{"start":{"line":12,"column":6},"end":{"line":12,"column":108}},"2":{"start":{"line":15,"column":4},"end":{"line":17,"column":5}},"3":{"start":{"line":16,"column":6},"end":{"line":16,"column":60}},"4":{"start":{"line":19,"column":4},"end":{"line":19,"column":22}},"5":{"start":{"line":20,"column":4},"end":{"line":20,"column":36}},"6":{"start":{"line":24,"column":4},"end":{"line":24,"column":29}},"7":{"start":{"line":28,"column":4},"end":{"line":28,"column":22}},"8":{"start":{"line":31,"column":10},"end":{"line":31,"column":38}}},"fnMap":{"0":{"name":"(anonymous_0)","decl":{"start":{"line":10,"column":2},"end":{"line":10,"column":3}},"loc":{"start":{"line":10,"column":33},"end":{"line":21,"column":3}},"line":10},"1":{"name":"(anonymous_1)","decl":{"start":{"line":23,"column":2},"end":{"line":23,"column":3}},"loc":{"start":{"line":23,"column":19},"end":{"line":25,"column":3}},"line":23},"2":{"name":"(anonymous_2)","decl":{"start":{"line":27,"column":2},"end":{"line":27,"column":3}},"loc":{"start":{"line":27,"column":18},"end":{"line":29,"column":3}},"line":27}},"branchMap":{"0":{"loc":{"start":{"line":11,"column":4},"end":{"line":13,"column":5}},"type":"if","locations":[{"start":{"line":11,"column":4},"end":{"line":13,"column":5}},{"start":{},"end":{}}],"line":11},"1":{"loc":{"start":{"line":15,"column":4},"end":{"line":17,"column":5}},"type":"if","locations":[{"start":{"line":15,"column":4},"end":{"line":17,"column":5}},{"start":{},"end":{}}],"line":15}},"s":{"0":29,"1":0,"2":29,"3":0,"4":29,"5":29,"6":23,"7":23,"8":29},"f":{"0":29,"1":23,"2":23},"b":{"0":[0,29],"1":[0,29]},"_coverageSchema":"1a1c01bbd47fc00a2c39e90264f33305004495a9","hash":"5937556218bb00c8b46da60e3f137fcc4b91e86b"}
,"C:\\Users\\nurud\\OneDrive\\Desktop\\cinema-tickets-javascript\\src\\thirdparty\\paymentgateway\\TicketPaymentService.js": {"path":"C:\\Users\\nurud\\OneDrive\\Desktop\\cinema-tickets-javascript\\src\\thirdparty\\paymentgateway\\TicketPaymentService.js","statementMap":{"0":{"start":{"line":5,"column":4},"end":{"line":7,"column":5}},"1":{"start":{"line":6,"column":6},"end":{"line":6,"column":58}},"2":{"start":{"line":9,"column":4},"end":{"line":11,"column":5}},"3":{"start":{"line":10,"column":6},"end":{"line":10,"column":65}}},"fnMap":{"0":{"name":"(anonymous_0)","decl":{"start":{"line":4,"column":2},"end":{"line":4,"column":3}},"loc":{"start":{"line":4,"column":43},"end":{"line":12,"column":3}},"line":4}},"branchMap":{"0":{"loc":{"start":{"line":5,"column":4},"end":{"line":7,"column":5}},"type":"if","locations":[{"start":{"line":5,"column":4},"end":{"line":7,"column":5}},{"start":{},"end":{}}],"line":5},"1":{"loc":{"start":{"line":9,"column":4},"end":{"line":11,"column":5}},"type":"if","locations":[{"start":{"line":9,"column":4},"end":{"line":11,"column":5}},{"start":{},"end":{}}],"line":9}},"s":{"0":0,"1":0,"2":0,"3":0},"f":{"0":0},"b":{"0":[0,0],"1":[0,0]},"_coverageSchema":"1a1c01bbd47fc00a2c39e90264f33305004495a9","hash":"8afe87c1d745a35269457d7809e22ecd2832d182"}
,"C:\\Users\\nurud\\OneDrive\\Desktop\\cinema-tickets-javascript\\src\\thirdparty\\seatbooking\\SeatReservationService.js": {"path":"C:\\Users\\nurud\\OneDrive\\Desktop\\cinema-tickets-javascript\\src\\thirdparty\\seatbooking\\SeatReservationService.js","statementMap":{"0":{"start":{"line":5,"column":4},"end":{"line":7,"column":5}},"1":{"start":{"line":6,"column":6},"end":{"line":6,"column":58}},"2":{"start":{"line":9,"column":4},"end":{"line":11,"column":5}},"3":{"start":{"line":10,"column":6},"end":{"line":10,"column":69}}},"fnMap":{"0":{"name":"(anonymous_0)","decl":{"start":{"line":4,"column":2},"end":{"line":4,"column":3}},"loc":{"start":{"line":4,"column":47},"end":{"line":12,"column":3}},"line":4}},"branchMap":{"0":{"loc":{"start":{"line":5,"column":4},"end":{"line":7,"column":5}},"type":"if","locations":[{"start":{"line":5,"column":4},"end":{"line":7,"column":5}},{"start":{},"end":{}}],"line":5},"1":{"loc":{"start":{"line":9,"column":4},"end":{"line":11,"column":5}},"type":"if","locations":[{"start":{"line":9,"column":4},"end":{"line":11,"column":5}},{"start":{},"end":{}}],"line":9}},"s":{"0":0,"1":0,"2":0,"3":0},"f":{"0":0},"b":{"0":[0,0],"1":[0,0]},"_coverageSchema":"1a1c01bbd47fc00a2c39e90264f33305004495a9","hash":"1c34b8928c78ba2e7d8cee117494e401a5220833"}
}
