TN:
SF:src\pairtest\TicketService.js
FN:19,(anonymous_0)
FN:30,(anonymous_1)
FN:65,(anonymous_2)
FN:75,(anonymous_3)
FN:88,(anonymous_4)
FN:115,(anonymous_5)
FNF:6
FNH:6
FNDA:15,(anonymous_0)
FNDA:20,(anonymous_1)
FNDA:24,(anonymous_2)
FNDA:23,(anonymous_3)
FNDA:22,(anonymous_4)
FNDA:17,(anonymous_5)
DA:12,15
DA:17,15
DA:20,15
DA:21,15
DA:32,20
DA:33,14
DA:35,12
DA:36,12
DA:38,8
DA:39,8
DA:42,8
DA:43,8
DA:51,20
DA:52,6
DA:61,14
DA:62,1
DA:65,24
DA:66,1
DA:75,12
DA:76,23
DA:77,23
DA:78,23
DA:79,23
DA:88,22
DA:91,12
DA:92,1
DA:96,11
DA:97,11
DA:98,11
DA:100,11
DA:101,2
DA:105,9
DA:106,1
DA:115,8
DA:116,17
DA:126,8
LF:36
LH:36
BRDA:51,0,0,6
BRDA:51,0,1,14
BRDA:51,1,0,20
BRDA:51,1,1,16
BRDA:61,2,0,1
BRDA:61,2,1,13
BRDA:61,3,0,14
BRDA:61,3,1,14
BRDA:65,4,0,1
BRDA:65,4,1,12
BRDA:78,5,0,23
BRDA:78,5,1,22
BRDA:91,6,0,1
BRDA:91,6,1,11
BRDA:96,7,0,11
BRDA:96,7,1,2
BRDA:97,8,0,11
BRDA:97,8,1,7
BRDA:98,9,0,11
BRDA:98,9,1,3
BRDA:100,10,0,2
BRDA:100,10,1,9
BRDA:100,11,0,11
BRDA:100,11,1,2
BRDA:100,11,2,1
BRDA:105,12,0,1
BRDA:105,12,1,8
BRDA:126,13,0,8
BRDA:126,13,1,0
BRDA:126,14,0,8
BRDA:126,14,1,5
BRF:31
BRH:30
end_of_record
TN:
SF:src\pairtest\lib\InvalidPurchaseException.js
FNF:0
FNH:0
LF:0
LH:0
BRF:0
BRH:0
end_of_record
TN:
SF:src\pairtest\lib\TicketTypeRequest.js
FN:10,(anonymous_0)
FN:23,(anonymous_1)
FN:27,(anonymous_2)
FNF:3
FNH:3
FNDA:29,(anonymous_0)
FNDA:23,(anonymous_1)
FNDA:23,(anonymous_2)
DA:11,29
DA:12,0
DA:15,29
DA:16,0
DA:19,29
DA:20,29
DA:24,23
DA:28,23
DA:31,29
LF:9
LH:7
BRDA:11,0,0,0
BRDA:11,0,1,29
BRDA:15,1,0,0
BRDA:15,1,1,29
BRF:4
BRH:2
end_of_record
TN:
SF:src\thirdparty\paymentgateway\TicketPaymentService.js
FN:4,(anonymous_0)
FNF:1
FNH:0
FNDA:0,(anonymous_0)
DA:5,0
DA:6,0
DA:9,0
DA:10,0
LF:4
LH:0
BRDA:5,0,0,0
BRDA:5,0,1,0
BRDA:9,1,0,0
BRDA:9,1,1,0
BRF:4
BRH:0
end_of_record
TN:
SF:src\thirdparty\seatbooking\SeatReservationService.js
FN:4,(anonymous_0)
FNF:1
FNH:0
FNDA:0,(anonymous_0)
DA:5,0
DA:6,0
DA:9,0
DA:10,0
LF:4
LH:0
BRDA:5,0,0,0
BRDA:5,0,1,0
BRDA:9,1,0,0
BRDA:9,1,1,0
BRF:4
BRH:0
end_of_record
